<?xml version="1.0" encoding="UTF-8"?>
<coverage generated="1709475377216" clover="3.2.0">
  <project timestamp="1709475377216" name="All files">
    <metrics statements="38" coveredstatements="37" conditionals="2" coveredconditionals="2" methods="12" coveredmethods="10" elements="52" coveredelements="49" complexity="0" loc="38" ncloc="38" packages="1" files="3" classes="3"/>
    <file name="Counter.tsx" path="C:\Users\dudck\OneDrive\Documents\React projects\연습\firstViteApp\src\Counter.tsx">
      <metrics statements="7" coveredstatements="7" conditionals="0" coveredconditionals="0" methods="2" coveredmethods="1"/>
      <line num="1" count="1" type="stmt"/>
      <line num="3" count="1" type="stmt"/>
      <line num="4" count="1" type="stmt"/>
      <line num="5" count="2" type="stmt"/>
      <line num="7" count="2" type="stmt"/>
      <line num="8" count="2" type="stmt"/>
      <line num="15" count="1" type="stmt"/>
    </file>
    <file name="ExLodash.tsx" path="C:\Users\dudck\OneDrive\Documents\React projects\연습\firstViteApp\src\ExLodash.tsx">
      <metrics statements="17" coveredstatements="16" conditionals="0" coveredconditionals="0" methods="6" coveredmethods="5"/>
      <line num="1" count="1" type="stmt"/>
      <line num="2" count="1" type="stmt"/>
      <line num="3" count="1" type="stmt"/>
      <line num="4" count="1" type="stmt"/>
      <line num="9" count="1" type="stmt"/>
      <line num="10" count="2" type="stmt"/>
      <line num="12" count="2" type="stmt"/>
      <line num="33" count="2" type="stmt"/>
      <line num="34" count="1" type="stmt"/>
      <line num="37" count="2" type="stmt"/>
      <line num="38" count="0" type="stmt"/>
      <line num="41" count="2" type="stmt"/>
      <line num="44" count="24" type="stmt"/>
      <line num="46" count="2" type="stmt"/>
      <line num="47" count="2" type="stmt"/>
      <line num="54" count="4" type="stmt"/>
      <line num="60" count="1" type="stmt"/>
    </file>
    <file name="useDebouncedFilter.tsx" path="C:\Users\dudck\OneDrive\Documents\React projects\연습\firstViteApp\src\useDebouncedFilter.tsx">
      <metrics statements="14" coveredstatements="14" conditionals="2" coveredconditionals="2" methods="4" coveredmethods="4"/>
      <line num="1" count="2" type="stmt"/>
      <line num="2" count="2" type="stmt"/>
      <line num="7" count="2" type="cond" truecount="1" falsecount="0"/>
      <line num="8" count="5" type="stmt"/>
      <line num="10" count="5" type="stmt"/>
      <line num="11" count="2" type="cond" truecount="1" falsecount="0"/>
      <line num="12" count="1" type="stmt"/>
      <line num="13" count="1" type="stmt"/>
      <line num="16" count="1" type="stmt"/>
      <line num="17" count="6" type="stmt"/>
      <line num="21" count="6" type="stmt"/>
      <line num="24" count="1" type="stmt"/>
      <line num="27" count="5" type="stmt"/>
      <line num="30" count="2" type="stmt"/>
    </file>
  </project>
</coverage>
