<?xml version="1.0" encoding="UTF-8"?>
<coverage generated="1709477981962" clover="3.2.0">
  <project timestamp="1709477981962" name="All files">
    <metrics statements="32" coveredstatements="32" conditionals="2" coveredconditionals="2" methods="10" coveredmethods="9" elements="44" coveredelements="43" complexity="0" loc="32" ncloc="32" packages="2" files="3" classes="3"/>
    <package name="src">
      <metrics statements="7" coveredstatements="7" conditionals="0" coveredconditionals="0" methods="2" coveredmethods="1"/>
      <file name="Counter.tsx" path="C:\Users\dudck\OneDrive\Documents\React projects\연습\firstViteApp\src\Counter.tsx">
        <metrics statements="7" coveredstatements="7" conditionals="0" coveredconditionals="0" methods="2" coveredmethods="1"/>
        <line num="1" count="1" type="stmt"/>
        <line num="3" count="1" type="stmt"/>
        <line num="4" count="1" type="stmt"/>
        <line num="5" count="2" type="stmt"/>
        <line num="7" count="2" type="stmt"/>
        <line num="8" count="2" type="stmt"/>
        <line num="15" count="1" type="stmt"/>
      </file>
    </package>
    <package name="src.exLodash">
      <metrics statements="25" coveredstatements="25" conditionals="2" coveredconditionals="2" methods="8" coveredmethods="8"/>
      <file name="ExLodash.tsx" path="C:\Users\dudck\OneDrive\Documents\React projects\연습\firstViteApp\src\exLodash\ExLodash.tsx">
        <metrics statements="11" coveredstatements="11" conditionals="0" coveredconditionals="0" methods="4" coveredmethods="4"/>
        <line num="1" count="1" type="stmt"/>
        <line num="2" count="1" type="stmt"/>
        <line num="3" count="1" type="stmt"/>
        <line num="8" count="1" type="stmt"/>
        <line num="9" count="1" type="stmt"/>
        <line num="11" count="1" type="stmt"/>
        <line num="14" count="24" type="stmt"/>
        <line num="16" count="2" type="stmt"/>
        <line num="17" count="2" type="stmt"/>
        <line num="21" count="4" type="stmt"/>
        <line num="27" count="1" type="stmt"/>
      </file>
      <file name="useDebouncedFilter.tsx" path="C:\Users\dudck\OneDrive\Documents\React projects\연습\firstViteApp\src\exLodash\useDebouncedFilter.tsx">
        <metrics statements="14" coveredstatements="14" conditionals="2" coveredconditionals="2" methods="4" coveredmethods="4"/>
        <line num="1" count="2" type="stmt"/>
        <line num="2" count="2" type="stmt"/>
        <line num="5" count="2" type="cond" truecount="1" falsecount="0"/>
        <line num="6" count="4" type="stmt"/>
        <line num="8" count="4" type="stmt"/>
        <line num="9" count="2" type="cond" truecount="1" falsecount="0"/>
        <line num="10" count="1" type="stmt"/>
        <line num="11" count="1" type="stmt"/>
        <line num="14" count="1" type="stmt"/>
        <line num="15" count="6" type="stmt"/>
        <line num="19" count="6" type="stmt"/>
        <line num="22" count="1" type="stmt"/>
        <line num="25" count="4" type="stmt"/>
        <line num="28" count="2" type="stmt"/>
      </file>
    </package>
  </project>
</coverage>
