{"C:\\Users\\dudck\\OneDrive\\Documents\\React projects\\연습\\firstViteApp\\src\\Counter.tsx": {"path":"C:\\Users\\dudck\\OneDrive\\Documents\\React projects\\연습\\firstViteApp\\src\\Counter.tsx","statementMap":{"0":{"start":{"line":1,"column":0},"end":{"line":1,"column":38}},"1":{"start":{"line":3,"column":16},"end":{"line":3,"column":23}},"2":{"start":{"line":4,"column":16},"end":{"line":13,"column":1}},"3":{"start":{"line":5,"column":30},"end":{"line":5,"column":46}},"4":{"start":{"line":7,"column":26},"end":{"line":7,"column":51}},"5":{"start":{"line":7,"column":32},"end":{"line":7,"column":51}},"6":{"start":{"line":8,"column":4},"end":{"line":12,"column":null}},"7":{"start":{"line":15,"column":0},"end":{"line":15,"column":23}}},"fnMap":{"0":{"name":"(anonymous_0)","decl":{"start":{"line":4,"column":16},"end":{"line":4,"column":19}},"loc":{"start":{"line":4,"column":21},"end":{"line":13,"column":1}}},"1":{"name":"(anonymous_1)","decl":{"start":{"line":7,"column":26},"end":{"line":7,"column":29}},"loc":{"start":{"line":7,"column":32},"end":{"line":7,"column":51}}}},"branchMap":{},"s":{"0":1,"1":1,"2":1,"3":2,"4":2,"5":0,"6":2,"7":1},"f":{"0":2,"1":0},"b":{}}
,"C:\\Users\\dudck\\OneDrive\\Documents\\React projects\\연습\\firstViteApp\\src\\exLodash\\ExLodash.tsx": {"path":"C:\\Users\\dudck\\OneDrive\\Documents\\React projects\\연습\\firstViteApp\\src\\exLodash\\ExLodash.tsx","statementMap":{"0":{"start":{"line":1,"column":0},"end":{"line":1,"column":48}},"1":{"start":{"line":2,"column":0},"end":{"line":2,"column":54}},"2":{"start":{"line":3,"column":0},"end":{"line":3,"column":54}},"3":{"start":{"line":9,"column":39},"end":{"line":9,"column":70}},"4":{"start":{"line":11,"column":2},"end":{"line":24,"column":4}},"5":{"start":{"line":14,"column":45},"end":{"line":14,"column":57}},"6":{"start":{"line":16,"column":8},"end":{"line":16,"column":37}},"7":{"start":{"line":17,"column":8},"end":{"line":17,"column":23}},"8":{"start":{"line":21,"column":8},"end":{"line":21,"column":78}},"9":{"start":{"line":8,"column":0},"end":{"line":8,"column":24}},"10":{"start":{"line":27,"column":20},"end":{"line":34,"column":2}}},"fnMap":{"0":{"name":"ExLodash","decl":{"start":{"line":8,"column":24},"end":{"line":8,"column":32}},"loc":{"start":{"line":8,"column":32},"end":{"line":25,"column":1}}},"1":{"name":"(anonymous_2)","decl":{"start":{"line":14,"column":22},"end":{"line":14,"column":23}},"loc":{"start":{"line":14,"column":45},"end":{"line":14,"column":57}}},"2":{"name":"(anonymous_3)","decl":{"start":{"line":15,"column":21},"end":{"line":15,"column":22}},"loc":{"start":{"line":15,"column":40},"end":{"line":18,"column":7}}},"3":{"name":"(anonymous_4)","decl":{"start":{"line":20,"column":19},"end":{"line":20,"column":20}},"loc":{"start":{"line":21,"column":8},"end":{"line":21,"column":78}}}},"branchMap":{},"s":{"0":1,"1":1,"2":1,"3":1,"4":1,"5":24,"6":2,"7":2,"8":4,"9":1,"10":1},"f":{"0":1,"1":24,"2":2,"3":4},"b":{}}
,"C:\\Users\\dudck\\OneDrive\\Documents\\React projects\\연습\\firstViteApp\\src\\exLodash\\useDebouncedFilter.tsx": {"path":"C:\\Users\\dudck\\OneDrive\\Documents\\React projects\\연습\\firstViteApp\\src\\exLodash\\useDebouncedFilter.tsx","statementMap":{"0":{"start":{"line":1,"column":0},"end":{"line":1,"column":33}},"1":{"start":{"line":2,"column":0},"end":{"line":2,"column":39}},"2":{"start":{"line":5,"column":27},"end":{"line":26,"column":1}},"3":{"start":{"line":6,"column":42},"end":{"line":6,"column":56}},"4":{"start":{"line":8,"column":21},"end":{"line":23,"column":11}},"5":{"start":{"line":9,"column":4},"end":{"line":12,"column":5}},"6":{"start":{"line":10,"column":6},"end":{"line":10,"column":28}},"7":{"start":{"line":11,"column":6},"end":{"line":11,"column":13}},"8":{"start":{"line":14,"column":21},"end":{"line":20,"column":6}},"9":{"start":{"line":15,"column":20},"end":{"line":18,"column":19}},"10":{"start":{"line":19,"column":6},"end":{"line":19,"column":85}},"11":{"start":{"line":19,"column":42},"end":{"line":19,"column":83}},"12":{"start":{"line":22,"column":4},"end":{"line":22,"column":30}},"13":{"start":{"line":25,"column":2},"end":{"line":25,"column":38}},"14":{"start":{"line":28,"column":0},"end":{"line":28,"column":34}}},"fnMap":{"0":{"name":"(anonymous_1)","decl":{"start":{"line":5,"column":27},"end":{"line":5,"column":28}},"loc":{"start":{"line":5,"column":62},"end":{"line":26,"column":1}}},"1":{"name":"(anonymous_2)","decl":{"start":{"line":8,"column":30},"end":{"line":8,"column":31}},"loc":{"start":{"line":8,"column":45},"end":{"line":23,"column":3}}},"2":{"name":"(anonymous_3)","decl":{"start":{"line":14,"column":33},"end":{"line":14,"column":34}},"loc":{"start":{"line":14,"column":55},"end":{"line":20,"column":5}}},"3":{"name":"(anonymous_4)","decl":{"start":{"line":19,"column":25},"end":{"line":19,"column":26}},"loc":{"start":{"line":19,"column":42},"end":{"line":19,"column":83}}}},"branchMap":{"0":{"loc":{"start":{"line":5,"column":47},"end":{"line":5,"column":58}},"type":"default-arg","locations":[{"start":{"line":5,"column":55},"end":{"line":5,"column":58}}]},"1":{"loc":{"start":{"line":9,"column":4},"end":{"line":12,"column":5}},"type":"if","locations":[{"start":{"line":9,"column":4},"end":{"line":12,"column":5}}]}},"s":{"0":2,"1":2,"2":2,"3":4,"4":4,"5":2,"6":1,"7":1,"8":1,"9":6,"10":6,"11":6,"12":1,"13":4,"14":2},"f":{"0":4,"1":2,"2":6,"3":6},"b":{"0":[4],"1":[1]}}
}
