{"C:\\Users\\dudck\\OneDrive\\Documents\\React projects\\연습\\firstViteApp\\src\\Counter.tsx": {"path":"C:\\Users\\dudck\\OneDrive\\Documents\\React projects\\연습\\firstViteApp\\src\\Counter.tsx","statementMap":{"0":{"start":{"line":1,"column":0},"end":{"line":1,"column":38}},"1":{"start":{"line":3,"column":16},"end":{"line":3,"column":23}},"2":{"start":{"line":4,"column":16},"end":{"line":13,"column":1}},"3":{"start":{"line":5,"column":30},"end":{"line":5,"column":46}},"4":{"start":{"line":7,"column":26},"end":{"line":7,"column":51}},"5":{"start":{"line":7,"column":32},"end":{"line":7,"column":51}},"6":{"start":{"line":8,"column":4},"end":{"line":12,"column":null}},"7":{"start":{"line":15,"column":0},"end":{"line":15,"column":23}}},"fnMap":{"0":{"name":"(anonymous_0)","decl":{"start":{"line":4,"column":16},"end":{"line":4,"column":19}},"loc":{"start":{"line":4,"column":21},"end":{"line":13,"column":1}}},"1":{"name":"(anonymous_1)","decl":{"start":{"line":7,"column":26},"end":{"line":7,"column":29}},"loc":{"start":{"line":7,"column":32},"end":{"line":7,"column":51}}}},"branchMap":{},"s":{"0":1,"1":1,"2":1,"3":2,"4":2,"5":0,"6":2,"7":1},"f":{"0":2,"1":0},"b":{}}
,"C:\\Users\\dudck\\OneDrive\\Documents\\React projects\\연습\\firstViteApp\\src\\ExLodash.tsx": {"path":"C:\\Users\\dudck\\OneDrive\\Documents\\React projects\\연습\\firstViteApp\\src\\ExLodash.tsx","statementMap":{"0":{"start":{"line":1,"column":0},"end":{"line":1,"column":48}},"1":{"start":{"line":2,"column":0},"end":{"line":2,"column":54}},"2":{"start":{"line":3,"column":0},"end":{"line":3,"column":33}},"3":{"start":{"line":4,"column":0},"end":{"line":4,"column":54}},"4":{"start":{"line":10,"column":26},"end":{"line":10,"column":41}},"5":{"start":{"line":12,"column":39},"end":{"line":12,"column":70}},"6":{"start":{"line":33,"column":21},"end":{"line":35,"column":3}},"7":{"start":{"line":34,"column":4},"end":{"line":34,"column":18}},"8":{"start":{"line":37,"column":22},"end":{"line":39,"column":3}},"9":{"start":{"line":38,"column":4},"end":{"line":38,"column":19}},"10":{"start":{"line":41,"column":2},"end":{"line":57,"column":4}},"11":{"start":{"line":44,"column":45},"end":{"line":44,"column":57}},"12":{"start":{"line":46,"column":8},"end":{"line":46,"column":37}},"13":{"start":{"line":47,"column":8},"end":{"line":47,"column":23}},"14":{"start":{"line":54,"column":8},"end":{"line":54,"column":78}},"15":{"start":{"line":9,"column":0},"end":{"line":9,"column":24}},"16":{"start":{"line":60,"column":20},"end":{"line":67,"column":2}}},"fnMap":{"0":{"name":"ExLodash","decl":{"start":{"line":9,"column":24},"end":{"line":9,"column":32}},"loc":{"start":{"line":9,"column":32},"end":{"line":58,"column":1}}},"1":{"name":"(anonymous_2)","decl":{"start":{"line":33,"column":21},"end":{"line":33,"column":24}},"loc":{"start":{"line":33,"column":26},"end":{"line":35,"column":3}}},"2":{"name":"(anonymous_3)","decl":{"start":{"line":37,"column":22},"end":{"line":37,"column":25}},"loc":{"start":{"line":37,"column":27},"end":{"line":39,"column":3}}},"3":{"name":"(anonymous_4)","decl":{"start":{"line":44,"column":22},"end":{"line":44,"column":23}},"loc":{"start":{"line":44,"column":45},"end":{"line":44,"column":57}}},"4":{"name":"(anonymous_5)","decl":{"start":{"line":45,"column":21},"end":{"line":45,"column":22}},"loc":{"start":{"line":45,"column":40},"end":{"line":48,"column":7}}},"5":{"name":"(anonymous_6)","decl":{"start":{"line":53,"column":19},"end":{"line":53,"column":20}},"loc":{"start":{"line":54,"column":8},"end":{"line":54,"column":78}}}},"branchMap":{},"s":{"0":1,"1":1,"2":1,"3":1,"4":2,"5":2,"6":2,"7":1,"8":2,"9":0,"10":2,"11":24,"12":2,"13":2,"14":4,"15":1,"16":1},"f":{"0":2,"1":1,"2":0,"3":24,"4":2,"5":4},"b":{}}
,"C:\\Users\\dudck\\OneDrive\\Documents\\React projects\\연습\\firstViteApp\\src\\useDebouncedFilter.tsx": {"path":"C:\\Users\\dudck\\OneDrive\\Documents\\React projects\\연습\\firstViteApp\\src\\useDebouncedFilter.tsx","statementMap":{"0":{"start":{"line":1,"column":0},"end":{"line":1,"column":33}},"1":{"start":{"line":2,"column":0},"end":{"line":2,"column":39}},"2":{"start":{"line":7,"column":27},"end":{"line":28,"column":1}},"3":{"start":{"line":8,"column":42},"end":{"line":8,"column":56}},"4":{"start":{"line":10,"column":21},"end":{"line":25,"column":11}},"5":{"start":{"line":11,"column":4},"end":{"line":14,"column":5}},"6":{"start":{"line":12,"column":6},"end":{"line":12,"column":28}},"7":{"start":{"line":13,"column":6},"end":{"line":13,"column":13}},"8":{"start":{"line":16,"column":21},"end":{"line":22,"column":6}},"9":{"start":{"line":17,"column":20},"end":{"line":20,"column":19}},"10":{"start":{"line":21,"column":6},"end":{"line":21,"column":85}},"11":{"start":{"line":21,"column":42},"end":{"line":21,"column":83}},"12":{"start":{"line":24,"column":4},"end":{"line":24,"column":30}},"13":{"start":{"line":27,"column":2},"end":{"line":27,"column":38}},"14":{"start":{"line":30,"column":0},"end":{"line":30,"column":34}}},"fnMap":{"0":{"name":"(anonymous_1)","decl":{"start":{"line":7,"column":27},"end":{"line":7,"column":28}},"loc":{"start":{"line":7,"column":62},"end":{"line":28,"column":1}}},"1":{"name":"(anonymous_2)","decl":{"start":{"line":10,"column":30},"end":{"line":10,"column":31}},"loc":{"start":{"line":10,"column":45},"end":{"line":25,"column":3}}},"2":{"name":"(anonymous_3)","decl":{"start":{"line":16,"column":33},"end":{"line":16,"column":34}},"loc":{"start":{"line":16,"column":55},"end":{"line":22,"column":5}}},"3":{"name":"(anonymous_4)","decl":{"start":{"line":21,"column":25},"end":{"line":21,"column":26}},"loc":{"start":{"line":21,"column":42},"end":{"line":21,"column":83}}}},"branchMap":{"0":{"loc":{"start":{"line":7,"column":47},"end":{"line":7,"column":58}},"type":"default-arg","locations":[{"start":{"line":7,"column":55},"end":{"line":7,"column":58}}]},"1":{"loc":{"start":{"line":11,"column":4},"end":{"line":14,"column":5}},"type":"if","locations":[{"start":{"line":11,"column":4},"end":{"line":14,"column":5}}]}},"s":{"0":2,"1":2,"2":2,"3":5,"4":5,"5":2,"6":1,"7":1,"8":1,"9":6,"10":6,"11":6,"12":1,"13":5,"14":2},"f":{"0":5,"1":2,"2":6,"3":6},"b":{"0":[5],"1":[1]}}
}
