TN:
SF:src\Counter.tsx
FN:4,(anonymous_0)
FN:7,(anonymous_1)
FNF:2
FNH:1
FNDA:2,(anonymous_0)
FNDA:0,(anonymous_1)
DA:1,1
DA:3,1
DA:4,1
DA:5,2
DA:7,2
DA:8,2
DA:15,1
LF:7
LH:7
BRF:0
BRH:0
end_of_record
TN:
SF:src\ExLodash.tsx
FN:9,ExLodash
FN:33,(anonymous_2)
FN:37,(anonymous_3)
FN:44,(anonymous_4)
FN:45,(anonymous_5)
FN:53,(anonymous_6)
FNF:6
FNH:5
FNDA:2,ExLodash
FNDA:1,(anonymous_2)
FNDA:0,(anonymous_3)
FNDA:24,(anonymous_4)
FNDA:2,(anonymous_5)
FNDA:4,(anonymous_6)
DA:1,1
DA:2,1
DA:3,1
DA:4,1
DA:9,1
DA:10,2
DA:12,2
DA:33,2
DA:34,1
DA:37,2
DA:38,0
DA:41,2
DA:44,24
DA:46,2
DA:47,2
DA:54,4
DA:60,1
LF:17
LH:16
BRF:0
BRH:0
end_of_record
TN:
SF:src\useDebouncedFilter.tsx
FN:7,(anonymous_1)
FN:10,(anonymous_2)
FN:16,(anonymous_3)
FN:21,(anonymous_4)
FNF:4
FNH:4
FNDA:5,(anonymous_1)
FNDA:2,(anonymous_2)
FNDA:6,(anonymous_3)
FNDA:6,(anonymous_4)
DA:1,2
DA:2,2
DA:7,2
DA:8,5
DA:10,5
DA:11,2
DA:12,1
DA:13,1
DA:16,1
DA:17,6
DA:21,6
DA:24,1
DA:27,5
DA:30,2
LF:14
LH:14
BRDA:7,0,0,5
BRDA:11,1,0,1
BRF:2
BRH:2
end_of_record
