TN:
SF:src\Counter.tsx
FN:4,(anonymous_0)
FN:7,(anonymous_1)
FNF:2
FNH:1
FNDA:2,(anonymous_0)
FNDA:0,(anonymous_1)
DA:1,1
DA:3,1
DA:4,1
DA:5,2
DA:7,2
DA:8,2
DA:15,1
LF:7
LH:7
BRF:0
BRH:0
end_of_record
TN:
SF:src\exLodash\ExLodash.tsx
FN:8,ExLodash
FN:14,(anonymous_2)
FN:15,(anonymous_3)
FN:20,(anonymous_4)
FNF:4
FNH:4
FNDA:1,ExLodash
FNDA:24,(anonymous_2)
FNDA:2,(anonymous_3)
FNDA:4,(anonymous_4)
DA:1,1
DA:2,1
DA:3,1
DA:8,1
DA:9,1
DA:11,1
DA:14,24
DA:16,2
DA:17,2
DA:21,4
DA:27,1
LF:11
LH:11
BRF:0
BRH:0
end_of_record
TN:
SF:src\exLodash\useDebouncedFilter.tsx
FN:5,(anonymous_1)
FN:8,(anonymous_2)
FN:14,(anonymous_3)
FN:19,(anonymous_4)
FNF:4
FNH:4
FNDA:4,(anonymous_1)
FNDA:2,(anonymous_2)
FNDA:6,(anonymous_3)
FNDA:6,(anonymous_4)
DA:1,2
DA:2,2
DA:5,2
DA:6,4
DA:8,4
DA:9,2
DA:10,1
DA:11,1
DA:14,1
DA:15,6
DA:19,6
DA:22,1
DA:25,4
DA:28,2
LF:14
LH:14
BRDA:5,0,0,4
BRDA:9,1,0,1
BRF:2
BRH:2
end_of_record
